{"total": {"lines":{"total":4536,"covered":4507,"skipped":0,"pct":99.36},"statements":{"total":4722,"covered":4671,"skipped":0,"pct":98.91},"functions":{"total":1049,"covered":1036,"skipped":0,"pct":98.76},"branches":{"total":5166,"covered":4406,"skipped":0,"pct":85.28},"branchesTrue":{"total":0,"covered":0,"skipped":0,"pct":100}}
,"/Users/mac/Projects/mylib/mantine-ai/react-native-mantine/src/index.tsx": {"lines":{"total":0,"covered":0,"skipped":0,"pct":100},"functions":{"total":0,"covered":0,"skipped":0,"pct":100},"statements":{"total":0,"covered":0,"skipped":0,"pct":100},"branches":{"total":0,"covered":0,"skipped":0,"pct":100}}
,"/Users/mac/Projects/mylib/mantine-ai/react-native-mantine/src/__tests__/test-utils.tsx": {"lines":{"total":3,"covered":3,"skipped":0,"pct":100},"functions":{"total":2,"covered":2,"skipped":0,"pct":100},"statements":{"total":3,"covered":3,"skipped":0,"pct":100},"branches":{"total":0,"covered":0,"skipped":0,"pct":100}}
,"/Users/mac/Projects/mylib/mantine-ai/react-native-mantine/src/adapters/context.tsx": {"lines":{"total":16,"covered":15,"skipped":0,"pct":93.75},"functions":{"total":3,"covered":3,"skipped":0,"pct":100},"statements":{"total":16,"covered":15,"skipped":0,"pct":93.75},"branches":{"total":13,"covered":12,"skipped":0,"pct":92.3}}
,"/Users/mac/Projects/mylib/mantine-ai/react-native-mantine/src/adapters/fallbacks.ts": {"lines":{"total":39,"covered":36,"skipped":0,"pct":92.3},"functions":{"total":10,"covered":10,"skipped":0,"pct":100},"statements":{"total":39,"covered":36,"skipped":0,"pct":92.3},"branches":{"total":22,"covered":10,"skipped":0,"pct":45.45}}
,"/Users/mac/Projects/mylib/mantine-ai/react-native-mantine/src/adapters/index.ts": {"lines":{"total":0,"covered":0,"skipped":0,"pct":100},"functions":{"total":0,"covered":0,"skipped":0,"pct":100},"statements":{"total":0,"covered":0,"skipped":0,"pct":100},"branches":{"total":0,"covered":0,"skipped":0,"pct":100}}
,"/Users/mac/Projects/mylib/mantine-ai/react-native-mantine/src/adapters/registry.ts": {"lines":{"total":10,"covered":9,"skipped":0,"pct":90},"functions":{"total":4,"covered":3,"skipped":0,"pct":75},"statements":{"total":10,"covered":9,"skipped":0,"pct":90},"branches":{"total":2,"covered":2,"skipped":0,"pct":100}}
,"/Users/mac/Projects/mylib/mantine-ai/react-native-mantine/src/components/index.tsx": {"lines":{"total":0,"covered":0,"skipped":0,"pct":100},"functions":{"total":0,"covered":0,"skipped":0,"pct":100},"statements":{"total":0,"covered":0,"skipped":0,"pct":100},"branches":{"total":0,"covered":0,"skipped":0,"pct":100}}
,"/Users/mac/Projects/mylib/mantine-ai/react-native-mantine/src/components/Accordion/index.tsx": {"lines":{"total":55,"covered":55,"skipped":0,"pct":100},"functions":{"total":13,"covered":13,"skipped":0,"pct":100},"statements":{"total":58,"covered":58,"skipped":0,"pct":100},"branches":{"total":62,"covered":50,"skipped":0,"pct":80.64}}
,"/Users/mac/Projects/mylib/mantine-ai/react-native-mantine/src/components/ActionIcon/ActionIcon.tsx": {"lines":{"total":8,"covered":8,"skipped":0,"pct":100},"functions":{"total":4,"covered":4,"skipped":0,"pct":100},"statements":{"total":8,"covered":8,"skipped":0,"pct":100},"branches":{"total":13,"covered":10,"skipped":0,"pct":76.92}}
,"/Users/mac/Projects/mylib/mantine-ai/react-native-mantine/src/components/ActionIcon/index.ts": {"lines":{"total":0,"covered":0,"skipped":0,"pct":100},"functions":{"total":0,"covered":0,"skipped":0,"pct":100},"statements":{"total":0,"covered":0,"skipped":0,"pct":100},"branches":{"total":0,"covered":0,"skipped":0,"pct":100}}
,"/Users/mac/Projects/mylib/mantine-ai/react-native-mantine/src/components/Affix/index.tsx": {"lines":{"total":8,"covered":8,"skipped":0,"pct":100},"functions":{"total":1,"covered":1,"skipped":0,"pct":100},"statements":{"total":8,"covered":8,"skipped":0,"pct":100},"branches":{"total":2,"covered":2,"skipped":0,"pct":100}}
,"/Users/mac/Projects/mylib/mantine-ai/react-native-mantine/src/components/Alert/Alert.styles.ts": {"lines":{"total":15,"covered":15,"skipped":0,"pct":100},"functions":{"total":2,"covered":2,"skipped":0,"pct":100},"statements":{"total":15,"covered":15,"skipped":0,"pct":100},"branches":{"total":22,"covered":16,"skipped":0,"pct":72.72}}
,"/Users/mac/Projects/mylib/mantine-ai/react-native-mantine/src/components/Alert/index.tsx": {"lines":{"total":6,"covered":6,"skipped":0,"pct":100},"functions":{"total":1,"covered":1,"skipped":0,"pct":100},"statements":{"total":6,"covered":6,"skipped":0,"pct":100},"branches":{"total":19,"covered":16,"skipped":0,"pct":84.21}}
,"/Users/mac/Projects/mylib/mantine-ai/react-native-mantine/src/components/Anchor/index.tsx": {"lines":{"total":23,"covered":23,"skipped":0,"pct":100},"functions":{"total":5,"covered":5,"skipped":0,"pct":100},"statements":{"total":23,"covered":23,"skipped":0,"pct":100},"branches":{"total":34,"covered":21,"skipped":0,"pct":61.76}}
,"/Users/mac/Projects/mylib/mantine-ai/react-native-mantine/src/components/AngleSlider/index.tsx": {"lines":{"total":76,"covered":71,"skipped":0,"pct":93.42},"functions":{"total":14,"covered":12,"skipped":0,"pct":85.71},"statements":{"total":76,"covered":71,"skipped":0,"pct":93.42},"branches":{"total":55,"covered":49,"skipped":0,"pct":89.09}}
,"/Users/mac/Projects/mylib/mantine-ai/react-native-mantine/src/components/AppShell/index.tsx": {"lines":{"total":46,"covered":46,"skipped":0,"pct":100},"functions":{"total":8,"covered":8,"skipped":0,"pct":100},"statements":{"total":48,"covered":48,"skipped":0,"pct":100},"branches":{"total":32,"covered":26,"skipped":0,"pct":81.25}}
,"/Users/mac/Projects/mylib/mantine-ai/react-native-mantine/src/components/AspectRatio/index.tsx": {"lines":{"total":13,"covered":13,"skipped":0,"pct":100},"functions":{"total":3,"covered":3,"skipped":0,"pct":100},"statements":{"total":14,"covered":14,"skipped":0,"pct":100},"branches":{"total":0,"covered":0,"skipped":0,"pct":100}}
,"/Users/mac/Projects/mylib/mantine-ai/react-native-mantine/src/components/Autocomplete/index.tsx": {"lines":{"total":54,"covered":54,"skipped":0,"pct":100},"functions":{"total":17,"covered":17,"skipped":0,"pct":100},"statements":{"total":54,"covered":54,"skipped":0,"pct":100},"branches":{"total":69,"covered":62,"skipped":0,"pct":89.85}}
,"/Users/mac/Projects/mylib/mantine-ai/react-native-mantine/src/components/Avatar/index.tsx": {"lines":{"total":26,"covered":26,"skipped":0,"pct":100},"functions":{"total":5,"covered":5,"skipped":0,"pct":100},"statements":{"total":26,"covered":26,"skipped":0,"pct":100},"branches":{"total":35,"covered":25,"skipped":0,"pct":71.42}}
,"/Users/mac/Projects/mylib/mantine-ai/react-native-mantine/src/components/BackgroundImage/index.tsx": {"lines":{"total":8,"covered":8,"skipped":0,"pct":100},"functions":{"total":2,"covered":2,"skipped":0,"pct":100},"statements":{"total":8,"covered":8,"skipped":0,"pct":100},"branches":{"total":3,"covered":2,"skipped":0,"pct":66.66}}
,"/Users/mac/Projects/mylib/mantine-ai/react-native-mantine/src/components/Badge/index.tsx": {"lines":{"total":24,"covered":24,"skipped":0,"pct":100},"functions":{"total":3,"covered":3,"skipped":0,"pct":100},"statements":{"total":24,"covered":24,"skipped":0,"pct":100},"branches":{"total":44,"covered":38,"skipped":0,"pct":86.36}}
,"/Users/mac/Projects/mylib/mantine-ai/react-native-mantine/src/components/Blockquote/index.tsx": {"lines":{"total":9,"covered":9,"skipped":0,"pct":100},"functions":{"total":2,"covered":2,"skipped":0,"pct":100},"statements":{"total":9,"covered":9,"skipped":0,"pct":100},"branches":{"total":16,"covered":14,"skipped":0,"pct":87.5}}
,"/Users/mac/Projects/mylib/mantine-ai/react-native-mantine/src/components/BoxView/index.tsx": {"lines":{"total":36,"covered":36,"skipped":0,"pct":100},"functions":{"total":2,"covered":2,"skipped":0,"pct":100},"statements":{"total":46,"covered":45,"skipped":0,"pct":97.82},"branches":{"total":38,"covered":37,"skipped":0,"pct":97.36}}
,"/Users/mac/Projects/mylib/mantine-ai/react-native-mantine/src/components/Breadcrumbs/index.tsx": {"lines":{"total":9,"covered":9,"skipped":0,"pct":100},"functions":{"total":3,"covered":3,"skipped":0,"pct":100},"statements":{"total":10,"covered":10,"skipped":0,"pct":100},"branches":{"total":10,"covered":6,"skipped":0,"pct":60}}
,"/Users/mac/Projects/mylib/mantine-ai/react-native-mantine/src/components/Burger/index.tsx": {"lines":{"total":25,"covered":25,"skipped":0,"pct":100},"functions":{"total":3,"covered":3,"skipped":0,"pct":100},"statements":{"total":25,"covered":25,"skipped":0,"pct":100},"branches":{"total":38,"covered":35,"skipped":0,"pct":92.1}}
,"/Users/mac/Projects/mylib/mantine-ai/react-native-mantine/src/components/Button/Button.styles.ts": {"lines":{"total":13,"covered":13,"skipped":0,"pct":100},"functions":{"total":4,"covered":4,"skipped":0,"pct":100},"statements":{"total":14,"covered":14,"skipped":0,"pct":100},"branches":{"total":16,"covered":14,"skipped":0,"pct":87.5}}
,"/Users/mac/Projects/mylib/mantine-ai/react-native-mantine/src/components/Button/index.tsx": {"lines":{"total":18,"covered":18,"skipped":0,"pct":100},"functions":{"total":1,"covered":1,"skipped":0,"pct":100},"statements":{"total":18,"covered":18,"skipped":0,"pct":100},"branches":{"total":44,"covered":40,"skipped":0,"pct":90.9}}
,"/Users/mac/Projects/mylib/mantine-ai/react-native-mantine/src/components/Card/index.tsx": {"lines":{"total":34,"covered":34,"skipped":0,"pct":100},"functions":{"total":7,"covered":7,"skipped":0,"pct":100},"statements":{"total":39,"covered":38,"skipped":0,"pct":97.43},"branches":{"total":38,"covered":28,"skipped":0,"pct":73.68}}
,"/Users/mac/Projects/mylib/mantine-ai/react-native-mantine/src/components/Center/index.tsx": {"lines":{"total":5,"covered":5,"skipped":0,"pct":100},"functions":{"total":1,"covered":1,"skipped":0,"pct":100},"statements":{"total":5,"covered":5,"skipped":0,"pct":100},"branches":{"total":0,"covered":0,"skipped":0,"pct":100}}
,"/Users/mac/Projects/mylib/mantine-ai/react-native-mantine/src/components/Checkbox/index.tsx": {"lines":{"total":17,"covered":17,"skipped":0,"pct":100},"functions":{"total":4,"covered":4,"skipped":0,"pct":100},"statements":{"total":17,"covered":17,"skipped":0,"pct":100},"branches":{"total":36,"covered":29,"skipped":0,"pct":80.55}}
,"/Users/mac/Projects/mylib/mantine-ai/react-native-mantine/src/components/Chip/index.tsx": {"lines":{"total":70,"covered":70,"skipped":0,"pct":100},"functions":{"total":12,"covered":12,"skipped":0,"pct":100},"statements":{"total":71,"covered":70,"skipped":0,"pct":98.59},"branches":{"total":102,"covered":79,"skipped":0,"pct":77.45}}
,"/Users/mac/Projects/mylib/mantine-ai/react-native-mantine/src/components/CloseButton/index.tsx": {"lines":{"total":15,"covered":15,"skipped":0,"pct":100},"functions":{"total":3,"covered":3,"skipped":0,"pct":100},"statements":{"total":15,"covered":15,"skipped":0,"pct":100},"branches":{"total":26,"covered":19,"skipped":0,"pct":73.07}}
,"/Users/mac/Projects/mylib/mantine-ai/react-native-mantine/src/components/Code/index.tsx": {"lines":{"total":14,"covered":14,"skipped":0,"pct":100},"functions":{"total":1,"covered":1,"skipped":0,"pct":100},"statements":{"total":14,"covered":14,"skipped":0,"pct":100},"branches":{"total":22,"covered":17,"skipped":0,"pct":77.27}}
,"/Users/mac/Projects/mylib/mantine-ai/react-native-mantine/src/components/Collapse/index.tsx": {"lines":{"total":25,"covered":25,"skipped":0,"pct":100},"functions":{"total":4,"covered":4,"skipped":0,"pct":100},"statements":{"total":25,"covered":25,"skipped":0,"pct":100},"branches":{"total":26,"covered":25,"skipped":0,"pct":96.15}}
,"/Users/mac/Projects/mylib/mantine-ai/react-native-mantine/src/components/ColorInput/index.tsx": {"lines":{"total":34,"covered":34,"skipped":0,"pct":100},"functions":{"total":13,"covered":13,"skipped":0,"pct":100},"statements":{"total":35,"covered":35,"skipped":0,"pct":100},"branches":{"total":44,"covered":42,"skipped":0,"pct":95.45}}
,"/Users/mac/Projects/mylib/mantine-ai/react-native-mantine/src/components/ColorPicker/converters.ts": {"lines":{"total":64,"covered":64,"skipped":0,"pct":100},"functions":{"total":8,"covered":8,"skipped":0,"pct":100},"statements":{"total":64,"covered":64,"skipped":0,"pct":100},"branches":{"total":46,"covered":46,"skipped":0,"pct":100}}
,"/Users/mac/Projects/mylib/mantine-ai/react-native-mantine/src/components/ColorPicker/index.tsx": {"lines":{"total":117,"covered":112,"skipped":0,"pct":95.72},"functions":{"total":34,"covered":31,"skipped":0,"pct":91.17},"statements":{"total":119,"covered":114,"skipped":0,"pct":95.79},"branches":{"total":49,"covered":47,"skipped":0,"pct":95.91}}
,"/Users/mac/Projects/mylib/mantine-ai/react-native-mantine/src/components/ColorSwatch/index.tsx": {"lines":{"total":14,"covered":14,"skipped":0,"pct":100},"functions":{"total":3,"covered":3,"skipped":0,"pct":100},"statements":{"total":14,"covered":14,"skipped":0,"pct":100},"branches":{"total":23,"covered":16,"skipped":0,"pct":69.56}}
,"/Users/mac/Projects/mylib/mantine-ai/react-native-mantine/src/components/Combobox/index.tsx": {"lines":{"total":61,"covered":61,"skipped":0,"pct":100},"functions":{"total":16,"covered":16,"skipped":0,"pct":100},"statements":{"total":62,"covered":62,"skipped":0,"pct":100},"branches":{"total":42,"covered":37,"skipped":0,"pct":88.09}}
,"/Users/mac/Projects/mylib/mantine-ai/react-native-mantine/src/components/Container/index.tsx": {"lines":{"total":18,"covered":18,"skipped":0,"pct":100},"functions":{"total":3,"covered":3,"skipped":0,"pct":100},"statements":{"total":20,"covered":20,"skipped":0,"pct":100},"branches":{"total":15,"covered":15,"skipped":0,"pct":100}}
,"/Users/mac/Projects/mylib/mantine-ai/react-native-mantine/src/components/CopyButton/index.tsx": {"lines":{"total":25,"covered":25,"skipped":0,"pct":100},"functions":{"total":5,"covered":5,"skipped":0,"pct":100},"statements":{"total":25,"covered":25,"skipped":0,"pct":100},"branches":{"total":6,"covered":6,"skipped":0,"pct":100}}
,"/Users/mac/Projects/mylib/mantine-ai/react-native-mantine/src/components/DataList/index.tsx": {"lines":{"total":32,"covered":32,"skipped":0,"pct":100},"functions":{"total":5,"covered":5,"skipped":0,"pct":100},"statements":{"total":32,"covered":32,"skipped":0,"pct":100},"branches":{"total":32,"covered":26,"skipped":0,"pct":81.25}}
,"/Users/mac/Projects/mylib/mantine-ai/react-native-mantine/src/components/Dialog/index.tsx": {"lines":{"total":36,"covered":36,"skipped":0,"pct":100},"functions":{"total":4,"covered":4,"skipped":0,"pct":100},"statements":{"total":37,"covered":37,"skipped":0,"pct":100},"branches":{"total":49,"covered":47,"skipped":0,"pct":95.91}}
,"/Users/mac/Projects/mylib/mantine-ai/react-native-mantine/src/components/Divider/index.tsx": {"lines":{"total":21,"covered":21,"skipped":0,"pct":100},"functions":{"total":3,"covered":3,"skipped":0,"pct":100},"statements":{"total":21,"covered":21,"skipped":0,"pct":100},"branches":{"total":56,"covered":39,"skipped":0,"pct":69.64}}
,"/Users/mac/Projects/mylib/mantine-ai/react-native-mantine/src/components/Drawer/index.tsx": {"lines":{"total":42,"covered":38,"skipped":0,"pct":90.47},"functions":{"total":8,"covered":8,"skipped":0,"pct":100},"statements":{"total":45,"covered":40,"skipped":0,"pct":88.88},"branches":{"total":86,"covered":62,"skipped":0,"pct":72.09}}
,"/Users/mac/Projects/mylib/mantine-ai/react-native-mantine/src/components/EmptyState/index.tsx": {"lines":{"total":41,"covered":41,"skipped":0,"pct":100},"functions":{"total":6,"covered":6,"skipped":0,"pct":100},"statements":{"total":41,"covered":41,"skipped":0,"pct":100},"branches":{"total":47,"covered":41,"skipped":0,"pct":87.23}}
,"/Users/mac/Projects/mylib/mantine-ai/react-native-mantine/src/components/Fieldset/index.tsx": {"lines":{"total":13,"covered":13,"skipped":0,"pct":100},"functions":{"total":3,"covered":3,"skipped":0,"pct":100},"statements":{"total":13,"covered":13,"skipped":0,"pct":100},"branches":{"total":32,"covered":25,"skipped":0,"pct":78.12}}
,"/Users/mac/Projects/mylib/mantine-ai/react-native-mantine/src/components/FileButton/index.tsx": {"lines":{"total":27,"covered":27,"skipped":0,"pct":100},"functions":{"total":6,"covered":6,"skipped":0,"pct":100},"statements":{"total":28,"covered":28,"skipped":0,"pct":100},"branches":{"total":22,"covered":22,"skipped":0,"pct":100}}
,"/Users/mac/Projects/mylib/mantine-ai/react-native-mantine/src/components/FileInput/index.tsx": {"lines":{"total":26,"covered":26,"skipped":0,"pct":100},"functions":{"total":6,"covered":6,"skipped":0,"pct":100},"statements":{"total":27,"covered":27,"skipped":0,"pct":100},"branches":{"total":35,"covered":34,"skipped":0,"pct":97.14}}
,"/Users/mac/Projects/mylib/mantine-ai/react-native-mantine/src/components/Flex/index.tsx": {"lines":{"total":12,"covered":12,"skipped":0,"pct":100},"functions":{"total":2,"covered":2,"skipped":0,"pct":100},"statements":{"total":14,"covered":14,"skipped":0,"pct":100},"branches":{"total":14,"covered":14,"skipped":0,"pct":100}}
,"/Users/mac/Projects/mylib/mantine-ai/react-native-mantine/src/components/FloatingIndicator/index.tsx": {"lines":{"total":30,"covered":30,"skipped":0,"pct":100},"functions":{"total":3,"covered":3,"skipped":0,"pct":100},"statements":{"total":30,"covered":30,"skipped":0,"pct":100},"branches":{"total":28,"covered":25,"skipped":0,"pct":89.28}}
,"/Users/mac/Projects/mylib/mantine-ai/react-native-mantine/src/components/FloatingWindow/index.tsx": {"lines":{"total":27,"covered":27,"skipped":0,"pct":100},"functions":{"total":8,"covered":8,"skipped":0,"pct":100},"statements":{"total":28,"covered":28,"skipped":0,"pct":100},"branches":{"total":22,"covered":17,"skipped":0,"pct":77.27}}
,"/Users/mac/Projects/mylib/mantine-ai/react-native-mantine/src/components/Gradient/Gradient.tsx": {"lines":{"total":9,"covered":9,"skipped":0,"pct":100},"functions":{"total":2,"covered":2,"skipped":0,"pct":100},"statements":{"total":9,"covered":9,"skipped":0,"pct":100},"branches":{"total":3,"covered":3,"skipped":0,"pct":100}}
,"/Users/mac/Projects/mylib/mantine-ai/react-native-mantine/src/components/Gradient/index.tsx": {"lines":{"total":0,"covered":0,"skipped":0,"pct":100},"functions":{"total":0,"covered":0,"skipped":0,"pct":100},"statements":{"total":0,"covered":0,"skipped":0,"pct":100},"branches":{"total":0,"covered":0,"skipped":0,"pct":100}}
,"/Users/mac/Projects/mylib/mantine-ai/react-native-mantine/src/components/Grid/index.tsx": {"lines":{"total":26,"covered":26,"skipped":0,"pct":100},"functions":{"total":5,"covered":5,"skipped":0,"pct":100},"statements":{"total":26,"covered":26,"skipped":0,"pct":100},"branches":{"total":43,"covered":31,"skipped":0,"pct":72.09}}
,"/Users/mac/Projects/mylib/mantine-ai/react-native-mantine/src/components/Group/index.tsx": {"lines":{"total":12,"covered":12,"skipped":0,"pct":100},"functions":{"total":2,"covered":2,"skipped":0,"pct":100},"statements":{"total":12,"covered":12,"skipped":0,"pct":100},"branches":{"total":24,"covered":24,"skipped":0,"pct":100}}
,"/Users/mac/Projects/mylib/mantine-ai/react-native-mantine/src/components/Highlight/index.tsx": {"lines":{"total":24,"covered":23,"skipped":0,"pct":95.83},"functions":{"total":7,"covered":7,"skipped":0,"pct":100},"statements":{"total":25,"covered":24,"skipped":0,"pct":96},"branches":{"total":16,"covered":15,"skipped":0,"pct":93.75}}
,"/Users/mac/Projects/mylib/mantine-ai/react-native-mantine/src/components/HoverCard/index.tsx": {"lines":{"total":22,"covered":22,"skipped":0,"pct":100},"functions":{"total":5,"covered":5,"skipped":0,"pct":100},"statements":{"total":22,"covered":22,"skipped":0,"pct":100},"branches":{"total":10,"covered":9,"skipped":0,"pct":90}}
,"/Users/mac/Projects/mylib/mantine-ai/react-native-mantine/src/components/Icon/index.tsx": {"lines":{"total":10,"covered":10,"skipped":0,"pct":100},"functions":{"total":1,"covered":1,"skipped":0,"pct":100},"statements":{"total":10,"covered":10,"skipped":0,"pct":100},"branches":{"total":8,"covered":7,"skipped":0,"pct":87.5}}
,"/Users/mac/Projects/mylib/mantine-ai/react-native-mantine/src/components/Image/index.tsx": {"lines":{"total":18,"covered":18,"skipped":0,"pct":100},"functions":{"total":4,"covered":4,"skipped":0,"pct":100},"statements":{"total":18,"covered":18,"skipped":0,"pct":100},"branches":{"total":30,"covered":22,"skipped":0,"pct":73.33}}
,"/Users/mac/Projects/mylib/mantine-ai/react-native-mantine/src/components/Indicator/index.tsx": {"lines":{"total":28,"covered":28,"skipped":0,"pct":100},"functions":{"total":3,"covered":3,"skipped":0,"pct":100},"statements":{"total":28,"covered":28,"skipped":0,"pct":100},"branches":{"total":74,"covered":51,"skipped":0,"pct":68.91}}
,"/Users/mac/Projects/mylib/mantine-ai/react-native-mantine/src/components/Input/Input.styles.ts": {"lines":{"total":2,"covered":2,"skipped":0,"pct":100},"functions":{"total":0,"covered":0,"skipped":0,"pct":100},"statements":{"total":2,"covered":2,"skipped":0,"pct":100},"branches":{"total":0,"covered":0,"skipped":0,"pct":100}}
,"/Users/mac/Projects/mylib/mantine-ai/react-native-mantine/src/components/Input/index.ts": {"lines":{"total":0,"covered":0,"skipped":0,"pct":100},"functions":{"total":0,"covered":0,"skipped":0,"pct":100},"statements":{"total":0,"covered":0,"skipped":0,"pct":100},"branches":{"total":0,"covered":0,"skipped":0,"pct":100}}
,"/Users/mac/Projects/mylib/mantine-ai/react-native-mantine/src/components/InputBase/index.tsx": {"lines":{"total":16,"covered":16,"skipped":0,"pct":100},"functions":{"total":3,"covered":3,"skipped":0,"pct":100},"statements":{"total":16,"covered":16,"skipped":0,"pct":100},"branches":{"total":76,"covered":55,"skipped":0,"pct":72.36}}
,"/Users/mac/Projects/mylib/mantine-ai/react-native-mantine/src/components/JsonInput/index.tsx": {"lines":{"total":30,"covered":30,"skipped":0,"pct":100},"functions":{"total":6,"covered":6,"skipped":0,"pct":100},"statements":{"total":30,"covered":30,"skipped":0,"pct":100},"branches":{"total":21,"covered":21,"skipped":0,"pct":100}}
,"/Users/mac/Projects/mylib/mantine-ai/react-native-mantine/src/components/Kbd/index.tsx": {"lines":{"total":11,"covered":11,"skipped":0,"pct":100},"functions":{"total":2,"covered":2,"skipped":0,"pct":100},"statements":{"total":11,"covered":11,"skipped":0,"pct":100},"branches":{"total":20,"covered":14,"skipped":0,"pct":70}}
,"/Users/mac/Projects/mylib/mantine-ai/react-native-mantine/src/components/LinearGradient/PlatformLinearGradient.tsx": {"lines":{"total":16,"covered":16,"skipped":0,"pct":100},"functions":{"total":2,"covered":2,"skipped":0,"pct":100},"statements":{"total":16,"covered":16,"skipped":0,"pct":100},"branches":{"total":6,"covered":6,"skipped":0,"pct":100}}
,"/Users/mac/Projects/mylib/mantine-ai/react-native-mantine/src/components/LinearGradient/index.tsx": {"lines":{"total":0,"covered":0,"skipped":0,"pct":100},"functions":{"total":0,"covered":0,"skipped":0,"pct":100},"statements":{"total":0,"covered":0,"skipped":0,"pct":100},"branches":{"total":0,"covered":0,"skipped":0,"pct":100}}
,"/Users/mac/Projects/mylib/mantine-ai/react-native-mantine/src/components/List/index.tsx": {"lines":{"total":51,"covered":51,"skipped":0,"pct":100},"functions":{"total":9,"covered":9,"skipped":0,"pct":100},"statements":{"total":55,"covered":54,"skipped":0,"pct":98.18},"branches":{"total":56,"covered":42,"skipped":0,"pct":75}}
,"/Users/mac/Projects/mylib/mantine-ai/react-native-mantine/src/components/Loader/Loader.tsx": {"lines":{"total":8,"covered":8,"skipped":0,"pct":100},"functions":{"total":1,"covered":1,"skipped":0,"pct":100},"statements":{"total":8,"covered":8,"skipped":0,"pct":100},"branches":{"total":4,"covered":3,"skipped":0,"pct":75}}
,"/Users/mac/Projects/mylib/mantine-ai/react-native-mantine/src/components/Loader/index.ts": {"lines":{"total":0,"covered":0,"skipped":0,"pct":100},"functions":{"total":0,"covered":0,"skipped":0,"pct":100},"statements":{"total":0,"covered":0,"skipped":0,"pct":100},"branches":{"total":0,"covered":0,"skipped":0,"pct":100}}
,"/Users/mac/Projects/mylib/mantine-ai/react-native-mantine/src/components/LoadingOverlay/index.tsx": {"lines":{"total":9,"covered":9,"skipped":0,"pct":100},"functions":{"total":2,"covered":2,"skipped":0,"pct":100},"statements":{"total":10,"covered":10,"skipped":0,"pct":100},"branches":{"total":2,"covered":2,"skipped":0,"pct":100}}
,"/Users/mac/Projects/mylib/mantine-ai/react-native-mantine/src/components/Mark/index.tsx": {"lines":{"total":12,"covered":12,"skipped":0,"pct":100},"functions":{"total":2,"covered":2,"skipped":0,"pct":100},"statements":{"total":12,"covered":12,"skipped":0,"pct":100},"branches":{"total":12,"covered":10,"skipped":0,"pct":83.33}}
,"/Users/mac/Projects/mylib/mantine-ai/react-native-mantine/src/components/Marquee/index.tsx": {"lines":{"total":29,"covered":29,"skipped":0,"pct":100},"functions":{"total":6,"covered":6,"skipped":0,"pct":100},"statements":{"total":30,"covered":30,"skipped":0,"pct":100},"branches":{"total":42,"covered":39,"skipped":0,"pct":92.85}}
,"/Users/mac/Projects/mylib/mantine-ai/react-native-mantine/src/components/MaskInput/index.tsx": {"lines":{"total":62,"covered":62,"skipped":0,"pct":100},"functions":{"total":11,"covered":11,"skipped":0,"pct":100},"statements":{"total":63,"covered":63,"skipped":0,"pct":100},"branches":{"total":47,"covered":47,"skipped":0,"pct":100}}
,"/Users/mac/Projects/mylib/mantine-ai/react-native-mantine/src/components/MediaQuery/index.tsx": {"lines":{"total":30,"covered":30,"skipped":0,"pct":100},"functions":{"total":6,"covered":6,"skipped":0,"pct":100},"statements":{"total":31,"covered":31,"skipped":0,"pct":100},"branches":{"total":34,"covered":34,"skipped":0,"pct":100}}
,"/Users/mac/Projects/mylib/mantine-ai/react-native-mantine/src/components/Menu/index.tsx": {"lines":{"total":82,"covered":82,"skipped":0,"pct":100},"functions":{"total":19,"covered":19,"skipped":0,"pct":100},"statements":{"total":85,"covered":85,"skipped":0,"pct":100},"branches":{"total":84,"covered":65,"skipped":0,"pct":77.38}}
,"/Users/mac/Projects/mylib/mantine-ai/react-native-mantine/src/components/Menubar/index.tsx": {"lines":{"total":25,"covered":25,"skipped":0,"pct":100},"functions":{"total":6,"covered":6,"skipped":0,"pct":100},"statements":{"total":27,"covered":27,"skipped":0,"pct":100},"branches":{"total":14,"covered":13,"skipped":0,"pct":92.85}}
,"/Users/mac/Projects/mylib/mantine-ai/react-native-mantine/src/components/Modal/index.tsx": {"lines":{"total":35,"covered":35,"skipped":0,"pct":100},"functions":{"total":8,"covered":8,"skipped":0,"pct":100},"statements":{"total":40,"covered":39,"skipped":0,"pct":97.5},"branches":{"total":69,"covered":62,"skipped":0,"pct":89.85}}
,"/Users/mac/Projects/mylib/mantine-ai/react-native-mantine/src/components/MultiSelect/index.tsx": {"lines":{"total":58,"covered":56,"skipped":0,"pct":96.55},"functions":{"total":23,"covered":21,"skipped":0,"pct":91.3},"statements":{"total":58,"covered":56,"skipped":0,"pct":96.55},"branches":{"total":77,"covered":66,"skipped":0,"pct":85.71}}
,"/Users/mac/Projects/mylib/mantine-ai/react-native-mantine/src/components/NativeSelect/index.tsx": {"lines":{"total":35,"covered":35,"skipped":0,"pct":100},"functions":{"total":13,"covered":13,"skipped":0,"pct":100},"statements":{"total":36,"covered":36,"skipped":0,"pct":100},"branches":{"total":77,"covered":62,"skipped":0,"pct":80.51}}
,"/Users/mac/Projects/mylib/mantine-ai/react-native-mantine/src/components/NavLink/index.tsx": {"lines":{"total":24,"covered":24,"skipped":0,"pct":100},"functions":{"total":3,"covered":3,"skipped":0,"pct":100},"statements":{"total":24,"covered":24,"skipped":0,"pct":100},"branches":{"total":37,"covered":35,"skipped":0,"pct":94.59}}
,"/Users/mac/Projects/mylib/mantine-ai/react-native-mantine/src/components/Notification/index.tsx": {"lines":{"total":10,"covered":10,"skipped":0,"pct":100},"functions":{"total":2,"covered":2,"skipped":0,"pct":100},"statements":{"total":10,"covered":10,"skipped":0,"pct":100},"branches":{"total":29,"covered":29,"skipped":0,"pct":100}}
,"/Users/mac/Projects/mylib/mantine-ai/react-native-mantine/src/components/NumberFormatter/index.tsx": {"lines":{"total":25,"covered":25,"skipped":0,"pct":100},"functions":{"total":2,"covered":2,"skipped":0,"pct":100},"statements":{"total":25,"covered":25,"skipped":0,"pct":100},"branches":{"total":35,"covered":34,"skipped":0,"pct":97.14}}
,"/Users/mac/Projects/mylib/mantine-ai/react-native-mantine/src/components/NumberInput/index.tsx": {"lines":{"total":49,"covered":49,"skipped":0,"pct":100},"functions":{"total":8,"covered":8,"skipped":0,"pct":100},"statements":{"total":51,"covered":51,"skipped":0,"pct":100},"branches":{"total":139,"covered":106,"skipped":0,"pct":76.25}}
,"/Users/mac/Projects/mylib/mantine-ai/react-native-mantine/src/components/OverflowList/index.tsx": {"lines":{"total":53,"covered":53,"skipped":0,"pct":100},"functions":{"total":12,"covered":12,"skipped":0,"pct":100},"statements":{"total":55,"covered":55,"skipped":0,"pct":100},"branches":{"total":44,"covered":43,"skipped":0,"pct":97.72}}
,"/Users/mac/Projects/mylib/mantine-ai/react-native-mantine/src/components/Overlay/index.tsx": {"lines":{"total":11,"covered":11,"skipped":0,"pct":100},"functions":{"total":2,"covered":2,"skipped":0,"pct":100},"statements":{"total":11,"covered":11,"skipped":0,"pct":100},"branches":{"total":23,"covered":18,"skipped":0,"pct":78.26}}
,"/Users/mac/Projects/mylib/mantine-ai/react-native-mantine/src/components/Pagination/index.tsx": {"lines":{"total":50,"covered":50,"skipped":0,"pct":100},"functions":{"total":12,"covered":12,"skipped":0,"pct":100},"statements":{"total":53,"covered":51,"skipped":0,"pct":96.22},"branches":{"total":84,"covered":78,"skipped":0,"pct":92.85}}
,"/Users/mac/Projects/mylib/mantine-ai/react-native-mantine/src/components/Paper/index.tsx": {"lines":{"total":15,"covered":15,"skipped":0,"pct":100},"functions":{"total":4,"covered":4,"skipped":0,"pct":100},"statements":{"total":18,"covered":17,"skipped":0,"pct":94.44},"branches":{"total":26,"covered":18,"skipped":0,"pct":69.23}}
,"/Users/mac/Projects/mylib/mantine-ai/react-native-mantine/src/components/PasswordInput/index.tsx": {"lines":{"total":16,"covered":16,"skipped":0,"pct":100},"functions":{"total":3,"covered":3,"skipped":0,"pct":100},"statements":{"total":16,"covered":16,"skipped":0,"pct":100},"branches":{"total":10,"covered":10,"skipped":0,"pct":100}}
,"/Users/mac/Projects/mylib/mantine-ai/react-native-mantine/src/components/Pill/index.tsx": {"lines":{"total":23,"covered":23,"skipped":0,"pct":100},"functions":{"total":5,"covered":5,"skipped":0,"pct":100},"statements":{"total":23,"covered":23,"skipped":0,"pct":100},"branches":{"total":42,"covered":33,"skipped":0,"pct":78.57}}
,"/Users/mac/Projects/mylib/mantine-ai/react-native-mantine/src/components/PillsInput/index.tsx": {"lines":{"total":32,"covered":32,"skipped":0,"pct":100},"functions":{"total":6,"covered":6,"skipped":0,"pct":100},"statements":{"total":32,"covered":32,"skipped":0,"pct":100},"branches":{"total":48,"covered":38,"skipped":0,"pct":79.16}}
,"/Users/mac/Projects/mylib/mantine-ai/react-native-mantine/src/components/PinInput/index.tsx": {"lines":{"total":55,"covered":55,"skipped":0,"pct":100},"functions":{"total":11,"covered":11,"skipped":0,"pct":100},"statements":{"total":57,"covered":56,"skipped":0,"pct":98.24},"branches":{"total":71,"covered":63,"skipped":0,"pct":88.73}}
,"/Users/mac/Projects/mylib/mantine-ai/react-native-mantine/src/components/Popover/index.tsx": {"lines":{"total":57,"covered":57,"skipped":0,"pct":100},"functions":{"total":11,"covered":11,"skipped":0,"pct":100},"statements":{"total":58,"covered":58,"skipped":0,"pct":100},"branches":{"total":61,"covered":46,"skipped":0,"pct":75.4}}
,"/Users/mac/Projects/mylib/mantine-ai/react-native-mantine/src/components/Popover/position.ts": {"lines":{"total":61,"covered":60,"skipped":0,"pct":98.36},"functions":{"total":6,"covered":6,"skipped":0,"pct":100},"statements":{"total":61,"covered":60,"skipped":0,"pct":98.36},"branches":{"total":53,"covered":52,"skipped":0,"pct":98.11}}
,"/Users/mac/Projects/mylib/mantine-ai/react-native-mantine/src/components/Popover/use-floating.ts": {"lines":{"total":18,"covered":18,"skipped":0,"pct":100},"functions":{"total":6,"covered":6,"skipped":0,"pct":100},"statements":{"total":18,"covered":18,"skipped":0,"pct":100},"branches":{"total":13,"covered":13,"skipped":0,"pct":100}}
,"/Users/mac/Projects/mylib/mantine-ai/react-native-mantine/src/components/Portal/index.tsx": {"lines":{"total":41,"covered":40,"skipped":0,"pct":97.56},"functions":{"total":10,"covered":10,"skipped":0,"pct":100},"statements":{"total":43,"covered":42,"skipped":0,"pct":97.67},"branches":{"total":13,"covered":12,"skipped":0,"pct":92.3}}
,"/Users/mac/Projects/mylib/mantine-ai/react-native-mantine/src/components/Progress/index.tsx": {"lines":{"total":21,"covered":21,"skipped":0,"pct":100},"functions":{"total":6,"covered":6,"skipped":0,"pct":100},"statements":{"total":21,"covered":21,"skipped":0,"pct":100},"branches":{"total":30,"covered":27,"skipped":0,"pct":90}}
,"/Users/mac/Projects/mylib/mantine-ai/react-native-mantine/src/components/Radio/index.tsx": {"lines":{"total":34,"covered":34,"skipped":0,"pct":100},"functions":{"total":7,"covered":7,"skipped":0,"pct":100},"statements":{"total":35,"covered":35,"skipped":0,"pct":100},"branches":{"total":37,"covered":31,"skipped":0,"pct":83.78}}
,"/Users/mac/Projects/mylib/mantine-ai/react-native-mantine/src/components/Rating/index.tsx": {"lines":{"total":33,"covered":33,"skipped":0,"pct":100},"functions":{"total":9,"covered":9,"skipped":0,"pct":100},"statements":{"total":34,"covered":33,"skipped":0,"pct":97.05},"branches":{"total":47,"covered":39,"skipped":0,"pct":82.97}}
,"/Users/mac/Projects/mylib/mantine-ai/react-native-mantine/src/components/RingProgress/index.tsx": {"lines":{"total":74,"covered":74,"skipped":0,"pct":100},"functions":{"total":16,"covered":16,"skipped":0,"pct":100},"statements":{"total":79,"covered":78,"skipped":0,"pct":98.73},"branches":{"total":48,"covered":31,"skipped":0,"pct":64.58}}
,"/Users/mac/Projects/mylib/mantine-ai/react-native-mantine/src/components/RollingNumber/index.tsx": {"lines":{"total":28,"covered":28,"skipped":0,"pct":100},"functions":{"total":6,"covered":6,"skipped":0,"pct":100},"statements":{"total":28,"covered":28,"skipped":0,"pct":100},"branches":{"total":22,"covered":19,"skipped":0,"pct":86.36}}
,"/Users/mac/Projects/mylib/mantine-ai/react-native-mantine/src/components/ScrollArea/index.tsx": {"lines":{"total":14,"covered":14,"skipped":0,"pct":100},"functions":{"total":3,"covered":3,"skipped":0,"pct":100},"statements":{"total":14,"covered":14,"skipped":0,"pct":100},"branches":{"total":4,"covered":4,"skipped":0,"pct":100}}
,"/Users/mac/Projects/mylib/mantine-ai/react-native-mantine/src/components/Scroller/index.tsx": {"lines":{"total":33,"covered":33,"skipped":0,"pct":100},"functions":{"total":8,"covered":8,"skipped":0,"pct":100},"statements":{"total":34,"covered":34,"skipped":0,"pct":100},"branches":{"total":42,"covered":39,"skipped":0,"pct":92.85}}
,"/Users/mac/Projects/mylib/mantine-ai/react-native-mantine/src/components/SegmentedControl/index.tsx": {"lines":{"total":41,"covered":41,"skipped":0,"pct":100},"functions":{"total":11,"covered":11,"skipped":0,"pct":100},"statements":{"total":42,"covered":41,"skipped":0,"pct":97.61},"branches":{"total":59,"covered":53,"skipped":0,"pct":89.83}}
,"/Users/mac/Projects/mylib/mantine-ai/react-native-mantine/src/components/Select/index.tsx": {"lines":{"total":48,"covered":48,"skipped":0,"pct":100},"functions":{"total":18,"covered":18,"skipped":0,"pct":100},"statements":{"total":49,"covered":49,"skipped":0,"pct":100},"branches":{"total":61,"covered":54,"skipped":0,"pct":88.52}}
,"/Users/mac/Projects/mylib/mantine-ai/react-native-mantine/src/components/SemiCircleProgress/index.tsx": {"lines":{"total":23,"covered":23,"skipped":0,"pct":100},"functions":{"total":3,"covered":3,"skipped":0,"pct":100},"statements":{"total":23,"covered":23,"skipped":0,"pct":100},"branches":{"total":39,"covered":34,"skipped":0,"pct":87.17}}
,"/Users/mac/Projects/mylib/mantine-ai/react-native-mantine/src/components/SimpleGrid/index.tsx": {"lines":{"total":31,"covered":31,"skipped":0,"pct":100},"functions":{"total":9,"covered":9,"skipped":0,"pct":100},"statements":{"total":34,"covered":34,"skipped":0,"pct":100},"branches":{"total":30,"covered":21,"skipped":0,"pct":70}}
,"/Users/mac/Projects/mylib/mantine-ai/react-native-mantine/src/components/Skeleton/index.tsx": {"lines":{"total":20,"covered":20,"skipped":0,"pct":100},"functions":{"total":4,"covered":4,"skipped":0,"pct":100},"statements":{"total":21,"covered":21,"skipped":0,"pct":100},"branches":{"total":32,"covered":27,"skipped":0,"pct":84.37}}
,"/Users/mac/Projects/mylib/mantine-ai/react-native-mantine/src/components/Slider/index.tsx": {"lines":{"total":90,"covered":90,"skipped":0,"pct":100},"functions":{"total":18,"covered":18,"skipped":0,"pct":100},"statements":{"total":95,"covered":95,"skipped":0,"pct":100},"branches":{"total":122,"covered":87,"skipped":0,"pct":71.31}}
,"/Users/mac/Projects/mylib/mantine-ai/react-native-mantine/src/components/Space/index.tsx": {"lines":{"total":12,"covered":12,"skipped":0,"pct":100},"functions":{"total":2,"covered":2,"skipped":0,"pct":100},"statements":{"total":14,"covered":14,"skipped":0,"pct":100},"branches":{"total":10,"covered":10,"skipped":0,"pct":100}}
,"/Users/mac/Projects/mylib/mantine-ai/react-native-mantine/src/components/Splitter/index.tsx": {"lines":{"total":63,"covered":62,"skipped":0,"pct":98.41},"functions":{"total":18,"covered":18,"skipped":0,"pct":100},"statements":{"total":67,"covered":66,"skipped":0,"pct":98.5},"branches":{"total":44,"covered":36,"skipped":0,"pct":81.81}}
,"/Users/mac/Projects/mylib/mantine-ai/react-native-mantine/src/components/Spoiler/index.tsx": {"lines":{"total":22,"covered":22,"skipped":0,"pct":100},"functions":{"total":4,"covered":4,"skipped":0,"pct":100},"statements":{"total":23,"covered":23,"skipped":0,"pct":100},"branches":{"total":14,"covered":14,"skipped":0,"pct":100}}
,"/Users/mac/Projects/mylib/mantine-ai/react-native-mantine/src/components/Stack/index.tsx": {"lines":{"total":2,"covered":2,"skipped":0,"pct":100},"functions":{"total":1,"covered":1,"skipped":0,"pct":100},"statements":{"total":2,"covered":2,"skipped":0,"pct":100},"branches":{"total":3,"covered":3,"skipped":0,"pct":100}}
,"/Users/mac/Projects/mylib/mantine-ai/react-native-mantine/src/components/Stepper/index.tsx": {"lines":{"total":51,"covered":51,"skipped":0,"pct":100},"functions":{"total":10,"covered":10,"skipped":0,"pct":100},"statements":{"total":53,"covered":51,"skipped":0,"pct":96.22},"branches":{"total":132,"covered":111,"skipped":0,"pct":84.09}}
,"/Users/mac/Projects/mylib/mantine-ai/react-native-mantine/src/components/Switch/index.tsx": {"lines":{"total":23,"covered":23,"skipped":0,"pct":100},"functions":{"total":3,"covered":3,"skipped":0,"pct":100},"statements":{"total":23,"covered":23,"skipped":0,"pct":100},"branches":{"total":36,"covered":24,"skipped":0,"pct":66.66}}
,"/Users/mac/Projects/mylib/mantine-ai/react-native-mantine/src/components/Table/index.tsx": {"lines":{"total":76,"covered":76,"skipped":0,"pct":100},"functions":{"total":16,"covered":16,"skipped":0,"pct":100},"statements":{"total":79,"covered":79,"skipped":0,"pct":100},"branches":{"total":105,"covered":74,"skipped":0,"pct":70.47}}
,"/Users/mac/Projects/mylib/mantine-ai/react-native-mantine/src/components/TableOfContents/index.tsx": {"lines":{"total":20,"covered":20,"skipped":0,"pct":100},"functions":{"total":5,"covered":5,"skipped":0,"pct":100},"statements":{"total":20,"covered":20,"skipped":0,"pct":100},"branches":{"total":34,"covered":29,"skipped":0,"pct":85.29}}
,"/Users/mac/Projects/mylib/mantine-ai/react-native-mantine/src/components/Tabs/index.tsx": {"lines":{"total":70,"covered":70,"skipped":0,"pct":100},"functions":{"total":15,"covered":13,"skipped":0,"pct":86.66},"statements":{"total":78,"covered":75,"skipped":0,"pct":96.15},"branches":{"total":94,"covered":83,"skipped":0,"pct":88.29}}
,"/Users/mac/Projects/mylib/mantine-ai/react-native-mantine/src/components/TagsInput/index.tsx": {"lines":{"total":75,"covered":75,"skipped":0,"pct":100},"functions":{"total":22,"covered":22,"skipped":0,"pct":100},"statements":{"total":78,"covered":78,"skipped":0,"pct":100},"branches":{"total":64,"covered":58,"skipped":0,"pct":90.62}}
,"/Users/mac/Projects/mylib/mantine-ai/react-native-mantine/src/components/Text/index.tsx": {"lines":{"total":38,"covered":38,"skipped":0,"pct":100},"functions":{"total":6,"covered":6,"skipped":0,"pct":100},"statements":{"total":46,"covered":44,"skipped":0,"pct":95.65},"branches":{"total":59,"covered":56,"skipped":0,"pct":94.91}}
,"/Users/mac/Projects/mylib/mantine-ai/react-native-mantine/src/components/TextInput/index.tsx": {"lines":{"total":15,"covered":15,"skipped":0,"pct":100},"functions":{"total":3,"covered":3,"skipped":0,"pct":100},"statements":{"total":15,"covered":15,"skipped":0,"pct":100},"branches":{"total":78,"covered":62,"skipped":0,"pct":79.48}}
,"/Users/mac/Projects/mylib/mantine-ai/react-native-mantine/src/components/Textarea/index.tsx": {"lines":{"total":15,"covered":15,"skipped":0,"pct":100},"functions":{"total":2,"covered":2,"skipped":0,"pct":100},"statements":{"total":15,"covered":15,"skipped":0,"pct":100},"branches":{"total":8,"covered":8,"skipped":0,"pct":100}}
,"/Users/mac/Projects/mylib/mantine-ai/react-native-mantine/src/components/ThemeIcon/index.tsx": {"lines":{"total":33,"covered":33,"skipped":0,"pct":100},"functions":{"total":4,"covered":4,"skipped":0,"pct":100},"statements":{"total":33,"covered":33,"skipped":0,"pct":100},"branches":{"total":31,"covered":23,"skipped":0,"pct":74.19}}
,"/Users/mac/Projects/mylib/mantine-ai/react-native-mantine/src/components/Timeline/index.tsx": {"lines":{"total":43,"covered":43,"skipped":0,"pct":100},"functions":{"total":7,"covered":7,"skipped":0,"pct":100},"statements":{"total":44,"covered":43,"skipped":0,"pct":97.72},"branches":{"total":77,"covered":58,"skipped":0,"pct":75.32}}
,"/Users/mac/Projects/mylib/mantine-ai/react-native-mantine/src/components/Title/index.tsx": {"lines":{"total":8,"covered":8,"skipped":0,"pct":100},"functions":{"total":1,"covered":1,"skipped":0,"pct":100},"statements":{"total":8,"covered":8,"skipped":0,"pct":100},"branches":{"total":4,"covered":4,"skipped":0,"pct":100}}
,"/Users/mac/Projects/mylib/mantine-ai/react-native-mantine/src/components/Tooltip/index.tsx": {"lines":{"total":42,"covered":42,"skipped":0,"pct":100},"functions":{"total":10,"covered":10,"skipped":0,"pct":100},"statements":{"total":43,"covered":43,"skipped":0,"pct":100},"branches":{"total":47,"covered":43,"skipped":0,"pct":91.48}}
,"/Users/mac/Projects/mylib/mantine-ai/react-native-mantine/src/components/TransferList/index.tsx": {"lines":{"total":46,"covered":46,"skipped":0,"pct":100},"functions":{"total":18,"covered":18,"skipped":0,"pct":100},"statements":{"total":47,"covered":47,"skipped":0,"pct":100},"branches":{"total":39,"covered":39,"skipped":0,"pct":100}}
,"/Users/mac/Projects/mylib/mantine-ai/react-native-mantine/src/components/Transition/index.tsx": {"lines":{"total":42,"covered":42,"skipped":0,"pct":100},"functions":{"total":6,"covered":6,"skipped":0,"pct":100},"statements":{"total":42,"covered":42,"skipped":0,"pct":100},"branches":{"total":40,"covered":38,"skipped":0,"pct":95}}
,"/Users/mac/Projects/mylib/mantine-ai/react-native-mantine/src/components/Tree/index.tsx": {"lines":{"total":29,"covered":29,"skipped":0,"pct":100},"functions":{"total":7,"covered":7,"skipped":0,"pct":100},"statements":{"total":30,"covered":30,"skipped":0,"pct":100},"branches":{"total":39,"covered":37,"skipped":0,"pct":94.87}}
,"/Users/mac/Projects/mylib/mantine-ai/react-native-mantine/src/components/Tree/use-tree.ts": {"lines":{"total":82,"covered":82,"skipped":0,"pct":100},"functions":{"total":42,"covered":42,"skipped":0,"pct":100},"statements":{"total":93,"covered":93,"skipped":0,"pct":100},"branches":{"total":37,"covered":37,"skipped":0,"pct":100}}
,"/Users/mac/Projects/mylib/mantine-ai/react-native-mantine/src/components/TreeSelect/index.tsx": {"lines":{"total":94,"covered":94,"skipped":0,"pct":100},"functions":{"total":28,"covered":28,"skipped":0,"pct":100},"statements":{"total":100,"covered":100,"skipped":0,"pct":100},"branches":{"total":128,"covered":124,"skipped":0,"pct":96.87}}
,"/Users/mac/Projects/mylib/mantine-ai/react-native-mantine/src/components/Typography/index.tsx": {"lines":{"total":8,"covered":8,"skipped":0,"pct":100},"functions":{"total":3,"covered":3,"skipped":0,"pct":100},"statements":{"total":9,"covered":9,"skipped":0,"pct":100},"branches":{"total":6,"covered":6,"skipped":0,"pct":100}}
,"/Users/mac/Projects/mylib/mantine-ai/react-native-mantine/src/components/UnstyledButton/UnstyledButton.styles.ts": {"lines":{"total":1,"covered":1,"skipped":0,"pct":100},"functions":{"total":1,"covered":1,"skipped":0,"pct":100},"statements":{"total":1,"covered":1,"skipped":0,"pct":100},"branches":{"total":6,"covered":6,"skipped":0,"pct":100}}
,"/Users/mac/Projects/mylib/mantine-ai/react-native-mantine/src/components/UnstyledButton/UnstyledButton.tsx": {"lines":{"total":5,"covered":5,"skipped":0,"pct":100},"functions":{"total":2,"covered":2,"skipped":0,"pct":100},"statements":{"total":5,"covered":5,"skipped":0,"pct":100},"branches":{"total":6,"covered":6,"skipped":0,"pct":100}}
,"/Users/mac/Projects/mylib/mantine-ai/react-native-mantine/src/components/UnstyledButton/index.ts": {"lines":{"total":0,"covered":0,"skipped":0,"pct":100},"functions":{"total":0,"covered":0,"skipped":0,"pct":100},"statements":{"total":0,"covered":0,"skipped":0,"pct":100},"branches":{"total":0,"covered":0,"skipped":0,"pct":100}}
,"/Users/mac/Projects/mylib/mantine-ai/react-native-mantine/src/components/VisuallyHidden/index.tsx": {"lines":{"total":7,"covered":7,"skipped":0,"pct":100},"functions":{"total":2,"covered":2,"skipped":0,"pct":100},"statements":{"total":8,"covered":8,"skipped":0,"pct":100},"branches":{"total":0,"covered":0,"skipped":0,"pct":100}}
,"/Users/mac/Projects/mylib/mantine-ai/react-native-mantine/src/hooks/index.ts": {"lines":{"total":0,"covered":0,"skipped":0,"pct":100},"functions":{"total":0,"covered":0,"skipped":0,"pct":100},"statements":{"total":0,"covered":0,"skipped":0,"pct":100},"branches":{"total":0,"covered":0,"skipped":0,"pct":100}}
,"/Users/mac/Projects/mylib/mantine-ai/react-native-mantine/src/hooks/useCachedResources.ts": {"lines":{"total":12,"covered":12,"skipped":0,"pct":100},"functions":{"total":3,"covered":3,"skipped":0,"pct":100},"statements":{"total":12,"covered":12,"skipped":0,"pct":100},"branches":{"total":5,"covered":5,"skipped":0,"pct":100}}
,"/Users/mac/Projects/mylib/mantine-ai/react-native-mantine/src/hooks/use-form/index.ts": {"lines":{"total":0,"covered":0,"skipped":0,"pct":100},"functions":{"total":0,"covered":0,"skipped":0,"pct":100},"statements":{"total":0,"covered":0,"skipped":0,"pct":100},"branches":{"total":0,"covered":0,"skipped":0,"pct":100}}
,"/Users/mac/Projects/mylib/mantine-ai/react-native-mantine/src/hooks/use-form/types.ts": {"lines":{"total":0,"covered":0,"skipped":0,"pct":100},"functions":{"total":0,"covered":0,"skipped":0,"pct":100},"statements":{"total":0,"covered":0,"skipped":0,"pct":100},"branches":{"total":0,"covered":0,"skipped":0,"pct":100}}
,"/Users/mac/Projects/mylib/mantine-ai/react-native-mantine/src/hooks/use-form/useForm.ts": {"lines":{"total":135,"covered":132,"skipped":0,"pct":97.77},"functions":{"total":37,"covered":36,"skipped":0,"pct":97.29},"statements":{"total":143,"covered":140,"skipped":0,"pct":97.9},"branches":{"total":66,"covered":63,"skipped":0,"pct":95.45}}
,"/Users/mac/Projects/mylib/mantine-ai/react-native-mantine/src/hooks/use-form/validators.ts": {"lines":{"total":53,"covered":53,"skipped":0,"pct":100},"functions":{"total":17,"covered":17,"skipped":0,"pct":100},"statements":{"total":59,"covered":59,"skipped":0,"pct":100},"branches":{"total":61,"covered":61,"skipped":0,"pct":100}}
,"/Users/mac/Projects/mylib/mantine-ai/react-native-mantine/src/theme/bundled-fonts.ts": {"lines":{"total":8,"covered":8,"skipped":0,"pct":100},"functions":{"total":5,"covered":5,"skipped":0,"pct":100},"statements":{"total":8,"covered":8,"skipped":0,"pct":100},"branches":{"total":2,"covered":2,"skipped":0,"pct":100}}
,"/Users/mac/Projects/mylib/mantine-ai/react-native-mantine/src/theme/constants.ts": {"lines":{"total":6,"covered":6,"skipped":0,"pct":100},"functions":{"total":0,"covered":0,"skipped":0,"pct":100},"statements":{"total":6,"covered":6,"skipped":0,"pct":100},"branches":{"total":2,"covered":1,"skipped":0,"pct":50}}
,"/Users/mac/Projects/mylib/mantine-ai/react-native-mantine/src/theme/create-styles.ts": {"lines":{"total":7,"covered":7,"skipped":0,"pct":100},"functions":{"total":4,"covered":3,"skipped":0,"pct":75},"statements":{"total":8,"covered":7,"skipped":0,"pct":87.5},"branches":{"total":2,"covered":1,"skipped":0,"pct":50}}
,"/Users/mac/Projects/mylib/mantine-ai/react-native-mantine/src/theme/create-theme.ts": {"lines":{"total":18,"covered":18,"skipped":0,"pct":100},"functions":{"total":4,"covered":4,"skipped":0,"pct":100},"statements":{"total":18,"covered":18,"skipped":0,"pct":100},"branches":{"total":16,"covered":15,"skipped":0,"pct":93.75}}
,"/Users/mac/Projects/mylib/mantine-ai/react-native-mantine/src/theme/default-colors.ts": {"lines":{"total":15,"covered":15,"skipped":0,"pct":100},"functions":{"total":0,"covered":0,"skipped":0,"pct":100},"statements":{"total":15,"covered":15,"skipped":0,"pct":100},"branches":{"total":0,"covered":0,"skipped":0,"pct":100}}
,"/Users/mac/Projects/mylib/mantine-ai/react-native-mantine/src/theme/default-theme.ts": {"lines":{"total":4,"covered":4,"skipped":0,"pct":100},"functions":{"total":0,"covered":0,"skipped":0,"pct":100},"statements":{"total":4,"covered":4,"skipped":0,"pct":100},"branches":{"total":0,"covered":0,"skipped":0,"pct":100}}
,"/Users/mac/Projects/mylib/mantine-ai/react-native-mantine/src/theme/filter-props.ts": {"lines":{"total":4,"covered":4,"skipped":0,"pct":100},"functions":{"total":2,"covered":2,"skipped":0,"pct":100},"statements":{"total":4,"covered":4,"skipped":0,"pct":100},"branches":{"total":2,"covered":2,"skipped":0,"pct":100}}
,"/Users/mac/Projects/mylib/mantine-ai/react-native-mantine/src/theme/index.ts": {"lines":{"total":0,"covered":0,"skipped":0,"pct":100},"functions":{"total":0,"covered":0,"skipped":0,"pct":100},"statements":{"total":0,"covered":0,"skipped":0,"pct":100},"branches":{"total":0,"covered":0,"skipped":0,"pct":100}}
,"/Users/mac/Projects/mylib/mantine-ai/react-native-mantine/src/theme/theme-provider.tsx": {"lines":{"total":29,"covered":29,"skipped":0,"pct":100},"functions":{"total":9,"covered":9,"skipped":0,"pct":100},"statements":{"total":30,"covered":30,"skipped":0,"pct":100},"branches":{"total":15,"covered":13,"skipped":0,"pct":86.66}}
,"/Users/mac/Projects/mylib/mantine-ai/react-native-mantine/src/theme/functions/attach-functions.ts": {"lines":{"total":1,"covered":1,"skipped":0,"pct":100},"functions":{"total":1,"covered":1,"skipped":0,"pct":100},"statements":{"total":1,"covered":1,"skipped":0,"pct":100},"branches":{"total":0,"covered":0,"skipped":0,"pct":100}}
,"/Users/mac/Projects/mylib/mantine-ai/react-native-mantine/src/theme/functions/index.ts": {"lines":{"total":0,"covered":0,"skipped":0,"pct":100},"functions":{"total":0,"covered":0,"skipped":0,"pct":100},"statements":{"total":0,"covered":0,"skipped":0,"pct":100},"branches":{"total":0,"covered":0,"skipped":0,"pct":100}}
,"/Users/mac/Projects/mylib/mantine-ai/react-native-mantine/src/theme/functions/fns/breakpoints.ts": {"lines":{"total":15,"covered":15,"skipped":0,"pct":100},"functions":{"total":5,"covered":5,"skipped":0,"pct":100},"statements":{"total":15,"covered":15,"skipped":0,"pct":100},"branches":{"total":8,"covered":8,"skipped":0,"pct":100}}
,"/Users/mac/Projects/mylib/mantine-ai/react-native-mantine/src/theme/functions/fns/color-scheme-value.ts": {"lines":{"total":21,"covered":21,"skipped":0,"pct":100},"functions":{"total":8,"covered":8,"skipped":0,"pct":100},"statements":{"total":21,"covered":21,"skipped":0,"pct":100},"branches":{"total":16,"covered":15,"skipped":0,"pct":93.75}}
,"/Users/mac/Projects/mylib/mantine-ai/react-native-mantine/src/theme/functions/fns/darken.ts": {"lines":{"total":4,"covered":4,"skipped":0,"pct":100},"functions":{"total":2,"covered":2,"skipped":0,"pct":100},"statements":{"total":5,"covered":5,"skipped":0,"pct":100},"branches":{"total":0,"covered":0,"skipped":0,"pct":100}}
,"/Users/mac/Projects/mylib/mantine-ai/react-native-mantine/src/theme/functions/fns/dimmed.ts": {"lines":{"total":3,"covered":3,"skipped":0,"pct":100},"functions":{"total":2,"covered":2,"skipped":0,"pct":100},"statements":{"total":3,"covered":3,"skipped":0,"pct":100},"branches":{"total":8,"covered":8,"skipped":0,"pct":100}}
,"/Users/mac/Projects/mylib/mantine-ai/react-native-mantine/src/theme/functions/fns/helpers.ts": {"lines":{"total":25,"covered":25,"skipped":0,"pct":100},"functions":{"total":19,"covered":19,"skipped":0,"pct":100},"statements":{"total":39,"covered":39,"skipped":0,"pct":100},"branches":{"total":13,"covered":13,"skipped":0,"pct":100}}
,"/Users/mac/Projects/mylib/mantine-ai/react-native-mantine/src/theme/functions/fns/index.ts": {"lines":{"total":1,"covered":1,"skipped":0,"pct":100},"functions":{"total":0,"covered":0,"skipped":0,"pct":100},"statements":{"total":1,"covered":1,"skipped":0,"pct":100},"branches":{"total":0,"covered":0,"skipped":0,"pct":100}}
,"/Users/mac/Projects/mylib/mantine-ai/react-native-mantine/src/theme/functions/fns/lighten.ts": {"lines":{"total":3,"covered":3,"skipped":0,"pct":100},"functions":{"total":2,"covered":2,"skipped":0,"pct":100},"statements":{"total":4,"covered":4,"skipped":0,"pct":100},"branches":{"total":0,"covered":0,"skipped":0,"pct":100}}
,"/Users/mac/Projects/mylib/mantine-ai/react-native-mantine/src/theme/functions/fns/primary-shade.ts": {"lines":{"total":14,"covered":14,"skipped":0,"pct":100},"functions":{"total":6,"covered":6,"skipped":0,"pct":100},"statements":{"total":14,"covered":14,"skipped":0,"pct":100},"branches":{"total":12,"covered":12,"skipped":0,"pct":100}}
,"/Users/mac/Projects/mylib/mantine-ai/react-native-mantine/src/theme/functions/fns/radius.ts": {"lines":{"total":6,"covered":6,"skipped":0,"pct":100},"functions":{"total":2,"covered":2,"skipped":0,"pct":100},"statements":{"total":6,"covered":6,"skipped":0,"pct":100},"branches":{"total":9,"covered":9,"skipped":0,"pct":100}}
,"/Users/mac/Projects/mylib/mantine-ai/react-native-mantine/src/theme/functions/fns/rgba.ts": {"lines":{"total":21,"covered":21,"skipped":0,"pct":100},"functions":{"total":2,"covered":2,"skipped":0,"pct":100},"statements":{"total":21,"covered":21,"skipped":0,"pct":100},"branches":{"total":10,"covered":10,"skipped":0,"pct":100}}
,"/Users/mac/Projects/mylib/mantine-ai/react-native-mantine/src/theme/functions/fns/shadow.ts": {"lines":{"total":8,"covered":8,"skipped":0,"pct":100},"functions":{"total":1,"covered":1,"skipped":0,"pct":100},"statements":{"total":8,"covered":8,"skipped":0,"pct":100},"branches":{"total":6,"covered":6,"skipped":0,"pct":100}}
,"/Users/mac/Projects/mylib/mantine-ai/react-native-mantine/src/theme/functions/fns/size.ts": {"lines":{"total":4,"covered":4,"skipped":0,"pct":100},"functions":{"total":2,"covered":2,"skipped":0,"pct":100},"statements":{"total":6,"covered":6,"skipped":0,"pct":100},"branches":{"total":7,"covered":7,"skipped":0,"pct":100}}
,"/Users/mac/Projects/mylib/mantine-ai/react-native-mantine/src/theme/functions/fns/variant.ts": {"lines":{"total":23,"covered":22,"skipped":0,"pct":95.65},"functions":{"total":4,"covered":3,"skipped":0,"pct":75},"statements":{"total":24,"covered":23,"skipped":0,"pct":95.83},"branches":{"total":27,"covered":27,"skipped":0,"pct":100}}
,"/Users/mac/Projects/mylib/mantine-ai/react-native-mantine/src/theme/functions/fns/gradient/gradient.ts": {"lines":{"total":15,"covered":15,"skipped":0,"pct":100},"functions":{"total":4,"covered":4,"skipped":0,"pct":100},"statements":{"total":15,"covered":15,"skipped":0,"pct":100},"branches":{"total":9,"covered":9,"skipped":0,"pct":100}}
,"/Users/mac/Projects/mylib/mantine-ai/react-native-mantine/src/theme/functions/fns/theme-color/color-utils.ts": {"lines":{"total":55,"covered":55,"skipped":0,"pct":100},"functions":{"total":10,"covered":10,"skipped":0,"pct":100},"statements":{"total":59,"covered":59,"skipped":0,"pct":100},"branches":{"total":40,"covered":37,"skipped":0,"pct":92.5}}
,"/Users/mac/Projects/mylib/mantine-ai/react-native-mantine/src/theme/functions/fns/theme-color/theme-color.ts": {"lines":{"total":16,"covered":16,"skipped":0,"pct":100},"functions":{"total":3,"covered":3,"skipped":0,"pct":100},"statements":{"total":16,"covered":16,"skipped":0,"pct":100},"branches":{"total":20,"covered":20,"skipped":0,"pct":100}}
,"/Users/mac/Projects/mylib/mantine-ai/react-native-mantine/src/theme/get-size/index.ts": {"lines":{"total":3,"covered":3,"skipped":0,"pct":100},"functions":{"total":1,"covered":1,"skipped":0,"pct":100},"statements":{"total":3,"covered":3,"skipped":0,"pct":100},"branches":{"total":7,"covered":7,"skipped":0,"pct":100}}
,"/Users/mac/Projects/mylib/mantine-ai/react-native-mantine/src/theme/utils/rem.ts": {"lines":{"total":10,"covered":10,"skipped":0,"pct":100},"functions":{"total":2,"covered":2,"skipped":0,"pct":100},"statements":{"total":10,"covered":10,"skipped":0,"pct":100},"branches":{"total":8,"covered":7,"skipped":0,"pct":87.5}}
,"/Users/mac/Projects/mylib/mantine-ai/react-native-mantine/src/theme/utils/to-rgba.ts": {"lines":{"total":22,"covered":22,"skipped":0,"pct":100},"functions":{"total":4,"covered":4,"skipped":0,"pct":100},"statements":{"total":22,"covered":22,"skipped":0,"pct":100},"branches":{"total":14,"covered":14,"skipped":0,"pct":100}}
,"/Users/mac/Projects/mylib/mantine-ai/react-native-mantine/src/theme/utils/withTextWrapper.tsx": {"lines":{"total":3,"covered":3,"skipped":0,"pct":100},"functions":{"total":1,"covered":1,"skipped":0,"pct":100},"statements":{"total":3,"covered":3,"skipped":0,"pct":100},"branches":{"total":3,"covered":3,"skipped":0,"pct":100}}
}
